{"numFailedTestSuites":3,"numFailedTests":3,"numPassedTestSuites":6,"numPassedTests":9,"numPendingTestSuites":0,"numPendingTests":0,"numRuntimeErrorTestSuites":0,"numTodoTests":0,"numTotalTestSuites":9,"numTotalTests":12,"openHandles":[],"snapshot":{"added":0,"didUpdate":false,"failure":false,"filesAdded":0,"filesRemoved":0,"filesRemovedList":[],"filesUnmatched":0,"filesUpdated":0,"matched":0,"total":0,"unchecked":0,"uncheckedKeysByFile":[],"unmatched":0,"updated":0},"startTime":1746402438479,"success":false,"testResults":[{"assertionResults":[{"ancestorTitles":["utils"],"duration":26,"failureDetails":[],"failureMessages":[],"fullName":"utils should export at least one function","invocations":1,"location":null,"numPassingAsserts":1,"retryReasons":[],"status":"passed","title":"should export at least one function"}],"endTime":1746402441668,"message":"","name":"C:\\Users\\wes7s\\jects\\pawns.fun-remix\\lib\\utils.test.ts","startTime":1746402440111,"status":"passed","summary":""},{"assertionResults":[{"ancestorTitles":["Supabase Database Types"],"duration":28,"failureDetails":[],"failureMessages":[],"fullName":"Supabase Database Types challenges Row type should match Insert and Update","invocations":1,"location":null,"numPassingAsserts":2,"retryReasons":[],"status":"passed","title":"challenges Row type should match Insert and Update"},{"ancestorTitles":["Supabase Database Types"],"duration":3,"failureDetails":[],"failureMessages":[],"fullName":"Supabase Database Types games Row type should match Insert and Update","invocations":1,"location":null,"numPassingAsserts":2,"retryReasons":[],"status":"passed","title":"games Row type should match Insert and Update"},{"ancestorTitles":["Supabase Database Types"],"duration":3,"failureDetails":[],"failureMessages":[],"fullName":"Supabase Database Types profiles Row type should match Insert and Update","invocations":1,"location":null,"numPassingAsserts":2,"retryReasons":[],"status":"passed","title":"profiles Row type should match Insert and Update"},{"ancestorTitles":["Supabase Database Types"],"duration":2,"failureDetails":[],"failureMessages":[],"fullName":"Supabase Database Types game_modes Row type should match Insert and Update","invocations":1,"location":null,"numPassingAsserts":2,"retryReasons":[],"status":"passed","title":"game_modes Row type should match Insert and Update"}],"endTime":1746402441684,"message":"","name":"C:\\Users\\wes7s\\jects\\pawns.fun-remix\\types\\database.test.ts","startTime":1746402440106,"status":"passed","summary":""},{"assertionResults":[{"ancestorTitles":["open-challenge util"],"duration":38,"failureDetails":[],"failureMessages":[],"fullName":"open-challenge util should export a function","invocations":1,"location":null,"numPassingAsserts":1,"retryReasons":[],"status":"passed","title":"should export a function"}],"endTime":1746402441982,"message":"","name":"C:\\Users\\wes7s\\jects\\pawns.fun-remix\\lib\\open-challenge.test.ts","startTime":1746402440060,"status":"passed","summary":""},{"assertionResults":[{"ancestorTitles":["ensure-profile util"],"duration":36,"failureDetails":[],"failureMessages":[],"fullName":"ensure-profile util should export a function","invocations":1,"location":null,"numPassingAsserts":1,"retryReasons":[],"status":"passed","title":"should export a function"}],"endTime":1746402442010,"message":"","name":"C:\\Users\\wes7s\\jects\\pawns.fun-remix\\lib\\ensure-profile.test.ts","startTime":1746402440101,"status":"passed","summary":""},{"assertionResults":[{"ancestorTitles":["profile-check actions"],"duration":59,"failureDetails":[{"matcherResult":{"actual":"undefined","expected":"function","message":"\u001b[2mexpect(\u001b[22m\u001b[31mreceived\u001b[39m\u001b[2m).\u001b[22mtoBe\u001b[2m(\u001b[22m\u001b[32mexpected\u001b[39m\u001b[2m) // Object.is equality\u001b[22m\n\nExpected: \u001b[32m\"\u001b[7mf\u001b[27mun\u001b[7mction\u001b[27m\"\u001b[39m\nReceived: \u001b[31m\"un\u001b[7mdefined\u001b[27m\"\u001b[39m","name":"toBe","pass":false}}],"failureMessages":["Error: \u001b[2mexpect(\u001b[22m\u001b[31mreceived\u001b[39m\u001b[2m).\u001b[22mtoBe\u001b[2m(\u001b[22m\u001b[32mexpected\u001b[39m\u001b[2m) // Object.is equality\u001b[22m\n\nExpected: \u001b[32m\"\u001b[7mf\u001b[27mun\u001b[7mction\u001b[27m\"\u001b[39m\nReceived: \u001b[31m\"un\u001b[7mdefined\u001b[27m\"\u001b[39m\n    at Object.<anonymous> (C:\\Users\\wes7s\\jects\\pawns.fun-remix\\app\\actions\\profile-check.test.ts:4:53)\n    at Promise.then.completed (C:\\Users\\wes7s\\jects\\pawns.fun-remix\\node_modules\\jest-circus\\build\\utils.js:298:28)\n    at new Promise (<anonymous>)\n    at callAsyncCircusFn (C:\\Users\\wes7s\\jects\\pawns.fun-remix\\node_modules\\jest-circus\\build\\utils.js:231:10)\n    at _callCircusTest (C:\\Users\\wes7s\\jects\\pawns.fun-remix\\node_modules\\jest-circus\\build\\run.js:316:40)\n    at processTicksAndRejections (node:internal/process/task_queues:105:5)\n    at _runTest (C:\\Users\\wes7s\\jects\\pawns.fun-remix\\node_modules\\jest-circus\\build\\run.js:252:3)\n    at _runTestsForDescribeBlock (C:\\Users\\wes7s\\jects\\pawns.fun-remix\\node_modules\\jest-circus\\build\\run.js:126:9)\n    at _runTestsForDescribeBlock (C:\\Users\\wes7s\\jects\\pawns.fun-remix\\node_modules\\jest-circus\\build\\run.js:121:9)\n    at run (C:\\Users\\wes7s\\jects\\pawns.fun-remix\\node_modules\\jest-circus\\build\\run.js:71:3)\n    at runAndTransformResultsToJestFormat (C:\\Users\\wes7s\\jects\\pawns.fun-remix\\node_modules\\jest-circus\\build\\legacy-code-todo-rewrite\\jestAdapterInit.js:122:21)\n    at jestAdapter (C:\\Users\\wes7s\\jects\\pawns.fun-remix\\node_modules\\jest-circus\\build\\legacy-code-todo-rewrite\\jestAdapter.js:79:19)\n    at runTestInternal (C:\\Users\\wes7s\\jects\\pawns.fun-remix\\node_modules\\jest-runner\\build\\runTest.js:367:16)\n    at runTest (C:\\Users\\wes7s\\jects\\pawns.fun-remix\\node_modules\\jest-runner\\build\\runTest.js:444:34)\n    at Object.worker (C:\\Users\\wes7s\\jects\\pawns.fun-remix\\node_modules\\jest-runner\\build\\testWorker.js:106:12)"],"fullName":"profile-check actions should export all expected functions","invocations":1,"location":null,"numPassingAsserts":0,"retryReasons":[],"status":"failed","title":"should export all expected functions"}],"endTime":1746402442319,"message":"\u001b[1m\u001b[31m  \u001b[1m● \u001b[22m\u001b[1mprofile-check actions › should export all expected functions\u001b[39m\u001b[22m\n\n    \u001b[2mexpect(\u001b[22m\u001b[31mreceived\u001b[39m\u001b[2m).\u001b[22mtoBe\u001b[2m(\u001b[22m\u001b[32mexpected\u001b[39m\u001b[2m) // Object.is equality\u001b[22m\n\n    Expected: \u001b[32m\"\u001b[7mf\u001b[27mun\u001b[7mction\u001b[27m\"\u001b[39m\n    Received: \u001b[31m\"un\u001b[7mdefined\u001b[27m\"\u001b[39m\n\u001b[2m\u001b[22m\n\u001b[2m    \u001b[0m \u001b[90m 2 |\u001b[39m describe(\u001b[32m'profile-check actions'\u001b[39m\u001b[33m,\u001b[39m () \u001b[33m=>\u001b[39m {\u001b[22m\n\u001b[2m     \u001b[90m 3 |\u001b[39m   it(\u001b[32m'should export all expected functions'\u001b[39m\u001b[33m,\u001b[39m () \u001b[33m=>\u001b[39m {\u001b[22m\n\u001b[2m    \u001b[31m\u001b[1m>\u001b[22m\u001b[2m\u001b[39m\u001b[90m 4 |\u001b[39m     expect(\u001b[36mtypeof\u001b[39m profileCheck\u001b[33m.\u001b[39mensureProfileExists)\u001b[33m.\u001b[39mtoBe(\u001b[32m'function'\u001b[39m)\u001b[22m\n\u001b[2m     \u001b[90m   |\u001b[39m                                                     \u001b[31m\u001b[1m^\u001b[22m\u001b[2m\u001b[39m\u001b[22m\n\u001b[2m     \u001b[90m 5 |\u001b[39m   })\u001b[22m\n\u001b[2m     \u001b[90m 6 |\u001b[39m })\u001b[22m\n\u001b[2m     \u001b[90m 7 |\u001b[39m\u001b[0m\u001b[22m\n\u001b[2m\u001b[22m\n\u001b[2m      \u001b[2mat Object.<anonymous> (\u001b[22m\u001b[2m\u001b[0m\u001b[36mapp/actions/profile-check.test.ts\u001b[39m\u001b[0m\u001b[2m:4:53)\u001b[22m\u001b[2m\u001b[22m\n","name":"C:\\Users\\wes7s\\jects\\pawns.fun-remix\\app\\actions\\profile-check.test.ts","startTime":1746402440060,"status":"failed","summary":""},{"assertionResults":[{"ancestorTitles":["game actions"],"duration":16,"failureDetails":[],"failureMessages":[],"fullName":"game actions should export all expected functions","invocations":1,"location":null,"numPassingAsserts":2,"retryReasons":[],"status":"passed","title":"should export all expected functions"}],"endTime":1746402442329,"message":"","name":"C:\\Users\\wes7s\\jects\\pawns.fun-remix\\app\\actions\\game.test.ts","startTime":1746402440051,"status":"passed","summary":""},{"assertionResults":[{"ancestorTitles":["auth actions"],"duration":30,"failureDetails":[{"matcherResult":{"actual":"undefined","expected":"function","message":"\u001b[2mexpect(\u001b[22m\u001b[31mreceived\u001b[39m\u001b[2m).\u001b[22mtoBe\u001b[2m(\u001b[22m\u001b[32mexpected\u001b[39m\u001b[2m) // Object.is equality\u001b[22m\n\nExpected: \u001b[32m\"\u001b[7mf\u001b[27mun\u001b[7mction\u001b[27m\"\u001b[39m\nReceived: \u001b[31m\"un\u001b[7mdefined\u001b[27m\"\u001b[39m","name":"toBe","pass":false}}],"failureMessages":["Error: \u001b[2mexpect(\u001b[22m\u001b[31mreceived\u001b[39m\u001b[2m).\u001b[22mtoBe\u001b[2m(\u001b[22m\u001b[32mexpected\u001b[39m\u001b[2m) // Object.is equality\u001b[22m\n\nExpected: \u001b[32m\"\u001b[7mf\u001b[27mun\u001b[7mction\u001b[27m\"\u001b[39m\nReceived: \u001b[31m\"un\u001b[7mdefined\u001b[27m\"\u001b[39m\n    at Object.<anonymous> (C:\\Users\\wes7s\\jects\\pawns.fun-remix\\app\\actions\\auth.test.ts:4:31)\n    at Promise.then.completed (C:\\Users\\wes7s\\jects\\pawns.fun-remix\\node_modules\\jest-circus\\build\\utils.js:298:28)\n    at new Promise (<anonymous>)\n    at callAsyncCircusFn (C:\\Users\\wes7s\\jects\\pawns.fun-remix\\node_modules\\jest-circus\\build\\utils.js:231:10)\n    at _callCircusTest (C:\\Users\\wes7s\\jects\\pawns.fun-remix\\node_modules\\jest-circus\\build\\run.js:316:40)\n    at processTicksAndRejections (node:internal/process/task_queues:105:5)\n    at _runTest (C:\\Users\\wes7s\\jects\\pawns.fun-remix\\node_modules\\jest-circus\\build\\run.js:252:3)\n    at _runTestsForDescribeBlock (C:\\Users\\wes7s\\jects\\pawns.fun-remix\\node_modules\\jest-circus\\build\\run.js:126:9)\n    at _runTestsForDescribeBlock (C:\\Users\\wes7s\\jects\\pawns.fun-remix\\node_modules\\jest-circus\\build\\run.js:121:9)\n    at run (C:\\Users\\wes7s\\jects\\pawns.fun-remix\\node_modules\\jest-circus\\build\\run.js:71:3)\n    at runAndTransformResultsToJestFormat (C:\\Users\\wes7s\\jects\\pawns.fun-remix\\node_modules\\jest-circus\\build\\legacy-code-todo-rewrite\\jestAdapterInit.js:122:21)\n    at jestAdapter (C:\\Users\\wes7s\\jects\\pawns.fun-remix\\node_modules\\jest-circus\\build\\legacy-code-todo-rewrite\\jestAdapter.js:79:19)\n    at runTestInternal (C:\\Users\\wes7s\\jects\\pawns.fun-remix\\node_modules\\jest-runner\\build\\runTest.js:367:16)\n    at runTest (C:\\Users\\wes7s\\jects\\pawns.fun-remix\\node_modules\\jest-runner\\build\\runTest.js:444:34)\n    at Object.worker (C:\\Users\\wes7s\\jects\\pawns.fun-remix\\node_modules\\jest-runner\\build\\testWorker.js:106:12)"],"fullName":"auth actions should export all expected functions","invocations":1,"location":null,"numPassingAsserts":0,"retryReasons":[],"status":"failed","title":"should export all expected functions"}],"endTime":1746402442381,"message":"\u001b[1m\u001b[31m  \u001b[1m● \u001b[22m\u001b[1mauth actions › should export all expected functions\u001b[39m\u001b[22m\n\n    \u001b[2mexpect(\u001b[22m\u001b[31mreceived\u001b[39m\u001b[2m).\u001b[22mtoBe\u001b[2m(\u001b[22m\u001b[32mexpected\u001b[39m\u001b[2m) // Object.is equality\u001b[22m\n\n    Expected: \u001b[32m\"\u001b[7mf\u001b[27mun\u001b[7mction\u001b[27m\"\u001b[39m\n    Received: \u001b[31m\"un\u001b[7mdefined\u001b[27m\"\u001b[39m\n\u001b[2m\u001b[22m\n\u001b[2m    \u001b[0m \u001b[90m 2 |\u001b[39m describe(\u001b[32m'auth actions'\u001b[39m\u001b[33m,\u001b[39m () \u001b[33m=>\u001b[39m {\u001b[22m\n\u001b[2m     \u001b[90m 3 |\u001b[39m   it(\u001b[32m'should export all expected functions'\u001b[39m\u001b[33m,\u001b[39m () \u001b[33m=>\u001b[39m {\u001b[22m\n\u001b[2m    \u001b[31m\u001b[1m>\u001b[22m\u001b[2m\u001b[39m\u001b[90m 4 |\u001b[39m     expect(\u001b[36mtypeof\u001b[39m auth\u001b[33m.\u001b[39mlogin)\u001b[33m.\u001b[39mtoBe(\u001b[32m'function'\u001b[39m)\u001b[22m\n\u001b[2m     \u001b[90m   |\u001b[39m                               \u001b[31m\u001b[1m^\u001b[22m\u001b[2m\u001b[39m\u001b[22m\n\u001b[2m     \u001b[90m 5 |\u001b[39m     expect(\u001b[36mtypeof\u001b[39m auth\u001b[33m.\u001b[39msignup)\u001b[33m.\u001b[39mtoBe(\u001b[32m'function'\u001b[39m)\u001b[22m\n\u001b[2m     \u001b[90m 6 |\u001b[39m     expect(\u001b[36mtypeof\u001b[39m auth\u001b[33m.\u001b[39mlogout)\u001b[33m.\u001b[39mtoBe(\u001b[32m'function'\u001b[39m)\u001b[22m\n\u001b[2m     \u001b[90m 7 |\u001b[39m   })\u001b[0m\u001b[22m\n\u001b[2m\u001b[22m\n\u001b[2m      \u001b[2mat Object.<anonymous> (\u001b[22m\u001b[2m\u001b[0m\u001b[36mapp/actions/auth.test.ts\u001b[39m\u001b[0m\u001b[2m:4:31)\u001b[22m\u001b[2m\u001b[22m\n","name":"C:\\Users\\wes7s\\jects\\pawns.fun-remix\\app\\actions\\auth.test.ts","startTime":1746402440094,"status":"failed","summary":""},{"assertionResults":[{"ancestorTitles":["profile actions"],"duration":28,"failureDetails":[{"matcherResult":{"actual":"undefined","expected":"function","message":"\u001b[2mexpect(\u001b[22m\u001b[31mreceived\u001b[39m\u001b[2m).\u001b[22mtoBe\u001b[2m(\u001b[22m\u001b[32mexpected\u001b[39m\u001b[2m) // Object.is equality\u001b[22m\n\nExpected: \u001b[32m\"\u001b[7mf\u001b[27mun\u001b[7mction\u001b[27m\"\u001b[39m\nReceived: \u001b[31m\"un\u001b[7mdefined\u001b[27m\"\u001b[39m","name":"toBe","pass":false}}],"failureMessages":["Error: \u001b[2mexpect(\u001b[22m\u001b[31mreceived\u001b[39m\u001b[2m).\u001b[22mtoBe\u001b[2m(\u001b[22m\u001b[32mexpected\u001b[39m\u001b[2m) // Object.is equality\u001b[22m\n\nExpected: \u001b[32m\"\u001b[7mf\u001b[27mun\u001b[7mction\u001b[27m\"\u001b[39m\nReceived: \u001b[31m\"un\u001b[7mdefined\u001b[27m\"\u001b[39m\n    at Object.<anonymous> (C:\\Users\\wes7s\\jects\\pawns.fun-remix\\app\\actions\\profile.test.ts:5:41)\n    at Promise.then.completed (C:\\Users\\wes7s\\jects\\pawns.fun-remix\\node_modules\\jest-circus\\build\\utils.js:298:28)\n    at new Promise (<anonymous>)\n    at callAsyncCircusFn (C:\\Users\\wes7s\\jects\\pawns.fun-remix\\node_modules\\jest-circus\\build\\utils.js:231:10)\n    at _callCircusTest (C:\\Users\\wes7s\\jects\\pawns.fun-remix\\node_modules\\jest-circus\\build\\run.js:316:40)\n    at processTicksAndRejections (node:internal/process/task_queues:105:5)\n    at _runTest (C:\\Users\\wes7s\\jects\\pawns.fun-remix\\node_modules\\jest-circus\\build\\run.js:252:3)\n    at _runTestsForDescribeBlock (C:\\Users\\wes7s\\jects\\pawns.fun-remix\\node_modules\\jest-circus\\build\\run.js:126:9)\n    at _runTestsForDescribeBlock (C:\\Users\\wes7s\\jects\\pawns.fun-remix\\node_modules\\jest-circus\\build\\run.js:121:9)\n    at run (C:\\Users\\wes7s\\jects\\pawns.fun-remix\\node_modules\\jest-circus\\build\\run.js:71:3)\n    at runAndTransformResultsToJestFormat (C:\\Users\\wes7s\\jects\\pawns.fun-remix\\node_modules\\jest-circus\\build\\legacy-code-todo-rewrite\\jestAdapterInit.js:122:21)\n    at jestAdapter (C:\\Users\\wes7s\\jects\\pawns.fun-remix\\node_modules\\jest-circus\\build\\legacy-code-todo-rewrite\\jestAdapter.js:79:19)\n    at runTestInternal (C:\\Users\\wes7s\\jects\\pawns.fun-remix\\node_modules\\jest-runner\\build\\runTest.js:367:16)\n    at runTest (C:\\Users\\wes7s\\jects\\pawns.fun-remix\\node_modules\\jest-runner\\build\\runTest.js:444:34)\n    at Object.worker (C:\\Users\\wes7s\\jects\\pawns.fun-remix\\node_modules\\jest-runner\\build\\testWorker.js:106:12)"],"fullName":"profile actions should export all expected functions","invocations":1,"location":null,"numPassingAsserts":1,"retryReasons":[],"status":"failed","title":"should export all expected functions"}],"endTime":1746402442430,"message":"\u001b[1m\u001b[31m  \u001b[1m● \u001b[22m\u001b[1mprofile actions › should export all expected functions\u001b[39m\u001b[22m\n\n    \u001b[2mexpect(\u001b[22m\u001b[31mreceived\u001b[39m\u001b[2m).\u001b[22mtoBe\u001b[2m(\u001b[22m\u001b[32mexpected\u001b[39m\u001b[2m) // Object.is equality\u001b[22m\n\n    Expected: \u001b[32m\"\u001b[7mf\u001b[27mun\u001b[7mction\u001b[27m\"\u001b[39m\n    Received: \u001b[31m\"un\u001b[7mdefined\u001b[27m\"\u001b[39m\n\u001b[2m\u001b[22m\n\u001b[2m    \u001b[0m \u001b[90m 3 |\u001b[39m   it(\u001b[32m'should export all expected functions'\u001b[39m\u001b[33m,\u001b[39m () \u001b[33m=>\u001b[39m {\u001b[22m\n\u001b[2m     \u001b[90m 4 |\u001b[39m     expect(\u001b[36mtypeof\u001b[39m profile\u001b[33m.\u001b[39mupdateProfile)\u001b[33m.\u001b[39mtoBe(\u001b[32m'function'\u001b[39m)\u001b[22m\n\u001b[2m    \u001b[31m\u001b[1m>\u001b[22m\u001b[2m\u001b[39m\u001b[90m 5 |\u001b[39m     expect(\u001b[36mtypeof\u001b[39m profile\u001b[33m.\u001b[39mfetchProfile)\u001b[33m.\u001b[39mtoBe(\u001b[32m'function'\u001b[39m)\u001b[22m\n\u001b[2m     \u001b[90m   |\u001b[39m                                         \u001b[31m\u001b[1m^\u001b[22m\u001b[2m\u001b[39m\u001b[22m\n\u001b[2m     \u001b[90m 6 |\u001b[39m   })\u001b[22m\n\u001b[2m     \u001b[90m 7 |\u001b[39m })\u001b[22m\n\u001b[2m     \u001b[90m 8 |\u001b[39m\u001b[0m\u001b[22m\n\u001b[2m\u001b[22m\n\u001b[2m      \u001b[2mat Object.<anonymous> (\u001b[22m\u001b[2m\u001b[0m\u001b[36mapp/actions/profile.test.ts\u001b[39m\u001b[0m\u001b[2m:5:41)\u001b[22m\u001b[2m\u001b[22m\n","name":"C:\\Users\\wes7s\\jects\\pawns.fun-remix\\app\\actions\\profile.test.ts","startTime":1746402440045,"status":"failed","summary":""},{"assertionResults":[{"ancestorTitles":["challenge actions"],"duration":16,"failureDetails":[],"failureMessages":[],"fullName":"challenge actions should export all expected functions","invocations":1,"location":null,"numPassingAsserts":4,"retryReasons":[],"status":"passed","title":"should export all expected functions"}],"endTime":1746402442498,"message":"","name":"C:\\Users\\wes7s\\jects\\pawns.fun-remix\\app\\actions\\challenge.test.ts","startTime":1746402440120,"status":"passed","summary":""}],"wasInterrupted":false}
